Preprocessing library use-haskell-0.1.0.0...
[2 of 2] Compiling Lib              ( src/Lib.hs, .stack-work/dist/x86_64-linux/Cabal-1.24.0.0/build/Lib.o )

src/Lib.hs:383:24: error:
    • Couldn't match expected type ‘IO ()’
                  with actual type ‘a0 -> m0 a0’
    • In the expression: return
      In an equation for ‘updateUsers’: updateUsers [] _ = return
      In an equation for ‘server’:
          server
            = loadEnvironmentVariable
              :<|>
                getREADME
                :<|>
                  storeMessage
                  :<|>
                    searchMessage :<|> performRESTCall :<|> uploadFile :<|> searchFiles
            where
                loadEnvironmentVariable :: Maybe String -> Handler ResponseData
                loadEnvironmentVariable ms
                  = liftIO
                    $ do { warnLog
                           $ "request to load environment variable: " ++ show ms;
                           .... }
                getREADME, getREADME' :: Handler ResponseData
                getREADME
                  = liftIO
                    $ do { [rPath] <- getArgs;
                           .... }
                ....

src/Lib.hs:384:46: error: Variable not in scope: file :: UserFile
