Configuring authentication-server-0.1.0.0...
Preprocessing library authentication-server-0.1.0.0...
[1 of 2] Compiling RestClient       ( src/RestClient.hs, .stack-work/dist/x86_64-linux/Cabal-1.24.0.0/build/RestClient.o )
[2 of 2] Compiling Lib              ( src/Lib.hs, .stack-work/dist/x86_64-linux/Cabal-1.24.0.0/build/Lib.o )

src/Lib.hs:171:10: error:
    • Couldn't match type ‘Maybe String -> Handler ResponseData’
                     with ‘(Maybe [Char] -> ExceptT ServantErr IO ResponseData)
                           :<|> (UserFile -> ExceptT ServantErr IO Bool)’
      Expected type: Server API
        Actual type: (Maybe String -> Handler ResponseData)
                     :<|> (Handler ResponseData
                           :<|> ((Message -> Handler Bool)
                                 :<|> ((Maybe String -> Handler [Message])
                                       :<|> (Maybe String -> Handler ResponseData))))
    • In the expression:
        loadEnvironmentVariable
        :<|>
          getREADME :<|> storeMessage :<|> searchMessage :<|> performRESTCall
      In an equation for ‘server’:
          server
            = loadEnvironmentVariable
              :<|>
                getREADME :<|> storeMessage :<|> searchMessage :<|> performRESTCall
            where
                loadEnvironmentVariable :: Maybe String -> Handler ResponseData
                loadEnvironmentVariable ms
                  = liftIO
                    $ do { warnLog
                           $ "request to load environment variable: " ++ show ms;
                           .... }
                getREADME, getREADME' :: Handler ResponseData
                getREADME
                  = liftIO
                    $ do { [rPath] <- getArgs;
                           .... }
                ....
